<?xml version="1.0" encoding="UTF-8"?>
<!-- Generated by org.testng.reporters.JUnitXMLReporter -->
<testsuite ignored="1" hostname="LAPTOP-KS6UVGBE" failures="0" tests="10" name="MyTest" time="0.651" errors="0" timestamp="2024-01-04T21:28:05 IST">
  <testcase classname="TestNG.BasicTestNG" name="testCase01" time="0.023"/>
  <testcase classname="TestNG.BasicTestNG" name="testCase02" time="0.028"/>
  <testcase classname="TestNG.BasicTestNG" name="testCase03" time="0.009"/>
  <testcase classname="TestNG.BasicTestNG" name="testCase04" time="0.004"/>
  <testcase classname="TestNG.BasicTestNG" name="testCase05" time="0.012"/>
  <testcase classname="TestNG.BasicAnnotations" name="testCase03" time="0.009"/>
  <testcase classname="TestNG.BasicAnnotations" name="testCase04" time="0.011"/>
  <testcase classname="TestNG.BasicAnnotations" name="testCase07" time="0.01"/>
  <testcase classname="TestNG.BasicAnnotations" name="testCase02" time="0.006"/>
  <testcase classname="TestNG.BeforeAfterTest" name="testCase01" time="0.003"/>
  <testcase classname="TestNG.BasicAnnotations" name="testCase05" time="0.0">
    <ignored/>
  </testcase> <!-- testCase05 -->
</testsuite> <!-- MyTest -->
