<?xml version="1.0" encoding="UTF-8"?>
<!-- Generated by org.testng.reporters.JUnitXMLReporter -->
<testsuite ignored="9" hostname="LAPTOP-KS6UVGBE" failures="0" tests="2" name="MyTest" time="0.356" errors="0" timestamp="2024-01-05T20:37:04 IST">
  <testcase classname="TestNG.BasicAnnotations" name="testCase04" time="0.038"/>
  <testcase classname="TestNG.BasicAnnotations" name="testCase07" time="0.002"/>
  <testcase classname="TestNG.BasicTestNG" name="testCase04" time="0.0">
    <ignored/>
  </testcase> <!-- testCase04 -->
  <testcase classname="TestNG.BeforeAfterTest" name="testCase01" time="0.0">
    <ignored/>
  </testcase> <!-- testCase01 -->
  <testcase classname="TestNG.BasicAnnotations" name="testCase02" time="0.0">
    <ignored/>
  </testcase> <!-- testCase02 -->
  <testcase classname="TestNG.BasicTestNG" name="testCase01" time="0.0">
    <ignored/>
  </testcase> <!-- testCase01 -->
  <testcase classname="TestNG.BasicAnnotations" name="testCase03" time="0.0">
    <ignored/>
  </testcase> <!-- testCase03 -->
  <testcase classname="TestNG.BasicTestNG" name="testCase03" time="0.0">
    <ignored/>
  </testcase> <!-- testCase03 -->
  <testcase classname="TestNG.BasicAnnotations" name="testCase05" time="0.0">
    <ignored/>
  </testcase> <!-- testCase05 -->
  <testcase classname="TestNG.BasicTestNG" name="testCase02" time="0.0">
    <ignored/>
  </testcase> <!-- testCase02 -->
  <testcase classname="TestNG.BasicTestNG" name="testCase05" time="0.0">
    <ignored/>
  </testcase> <!-- testCase05 -->
</testsuite> <!-- MyTest -->
